


ARM Macro Assembler    Page 1 


    1 00000000         ; Print.s
    2 00000000         ; Student names: change this to your names or look very 
                       silly
    3 00000000         ; Last modification date: change this to the last modifi
                       cation date or look very silly
    4 00000000         ; Runs on LM4F120 or TM4C123
    5 00000000         ; EE319K lab 7 device driver for any LCD
    6 00000000         ;
    7 00000000         ; As part of Lab 7, students need to implement these LCD
                       _OutDec and LCD_OutFix
    8 00000000         ; This driver assumes two low-level LCD functions
    9 00000000         ; ST7735_OutChar   outputs a single 8-bit ASCII characte
                       r
   10 00000000         ; ST7735_OutString outputs a null-terminated string 
   11 00000000 0000270F 
                       number  equ              9999
   12 00000000 0000000C 
                       thousand
                               equ              12
   13 00000000 00000008 
                       hundred equ              8
   14 00000000 00000004 
                       ten     equ              4
   15 00000000 00000000 
                       unit    equ              0
   16 00000000                 IMPORT           ST7735_OutChar
   17 00000000                 IMPORT           ST7735_OutString
   18 00000000                 EXPORT           LCD_OutDec
   19 00000000                 EXPORT           LCD_OutFix
   20 00000000         
   21 00000000                 AREA             |.text|, CODE, READONLY, ALIGN=
2
   22 00000000                 THUMB
   23 00000000                 preserve8
   24 00000000         
   25 00000000         
   26 00000000         ;-----------------------LCD_OutDec----------------------
                       -
   27 00000000         ; Output a 32-bit number in unsigned decimal format
   28 00000000         ; Input: R0 (call by value) 32-bit unsigned number
   29 00000000         ; Output: none
   30 00000000         ; Invariables: This function must not permanently modify
                        registers R4 to R11
   31 00000000         LCD_OutDec
   32 00000000 B510            push             {r4, lr}
   33 00000002 F04F 020A       mov              r2, #10     ;divisor
   34 00000006 F04F 0400       mov              r4, #0      ;counter
   35 0000000A         again
   36 0000000A FBB0 F3F2       udiv             r3, r0, r2
   37 0000000E FB03 F102       mul              r1, r3, r2
   38 00000012 EBA0 0101       sub              r1, r0, r1
   39 00000016 B406            push             {r1, r2}    ;pushing a digit on
                                                            to the stack
   40 00000018 F104 0401       add              r4, r4, #1
   41 0000001C 4618            mov              r0, r3
   42 0000001E 2800            cmp              r0, #0      ;if the quotient is
                                                            n't yet zero, keep 
                                                            dividing
   43 00000020 D1F3            bne              again



ARM Macro Assembler    Page 2 


   44 00000022         more
   45 00000022 BC05            pop{r0,          r2}
   46 00000024 F100 0030       add              r0, r0, #0x30
   47 00000028 F7FF FFFE       bl               ST7735_OutChar ;outputs an ASCI
                                                            I character
   48 0000002C 1E64            subs             r4, r4, #1
   49 0000002E D1F8            bne              more
   50 00000030 E8BD 4010       pop{r4,          lr}
   51 00000034         
   52 00000034 4770            BX               LR
   53 00000036         ;* * * * * * * * End of LCD_OutDec * * * * * * * *
   54 00000036         
   55 00000036         ; -----------------------LCD _OutFix--------------------
                       --
   56 00000036         ; Output characters to LCD display in fixed-point format
                       
   57 00000036         ; unsigned decimal, resolution 0.001, range 0.000 to 9.9
                       99
   58 00000036         ; Inputs:  R0 is an unsigned 32-bit number
   59 00000036         ; Outputs: none
   60 00000036         ; E.g., R0=0,    then output "0.000 "
   61 00000036         ;       R0=3,    then output "0.003 "
   62 00000036         ;       R0=89,   then output "0.089 "
   63 00000036         ;       R0=123,  then output "0.123 "
   64 00000036         ;       R0=9999, then output "9.999 "
   65 00000036         ;       R0>9999, then output "*.*** "
   66 00000036         ; Invariables: This function must not permanently modify
                        registers R4 to R11
   67 00000036         LCD_OutFix
   68 00000036 B510            push{r4,         lr}
   69 00000038 F242 740F       ldr              r4, =number
   70 0000003C 42A0            cmp              r0, r4
   71 0000003E D841            bhi              stars
   72 00000040 B084            sub              sp, sp, #16
   73 00000042 F04F 020A       mov              r2, #10     ;divisor
   74 00000046 F04F 0404       mov              r4, #4      ;counter
   75 0000004A         
   76 0000004A FBB0 F3F2       udiv             r3, r0, r2
   77 0000004E FB03 F102       mul              r1, r3, r2
   78 00000052 EBA0 0101       sub              r1, r0, r1
   79 00000056 9103            str              r1, [sp, #thousand] ;store thou
                                                            sandth digit on sta
                                                            ck   
   80 00000058 4618            mov              r0, r3
   81 0000005A FBB0 F3F2       udiv             r3, r0, r2
   82 0000005E FB03 F102       mul              r1, r3, r2
   83 00000062 EBA0 0101       sub              r1, r0, r1
   84 00000066 9102            str              r1, [sp, #hundred] ;store hundr
                                                            edth digit on stack
                                                            
   85 00000068 4618            mov              r0, r3
   86 0000006A FBB0 F3F2       udiv             r3, r0, r2
   87 0000006E FB03 F102       mul              r1, r3, r2
   88 00000072 EBA0 0101       sub              r1, r0, r1
   89 00000076 9101            str              r1, [sp, #ten] ;store tenth dig
                                                            it on stack
   90 00000078 4618            mov              r0, r3
   91 0000007A FBB0 F3F2       udiv             r3, r0, r2
   92 0000007E FB03 F102       mul              r1, r3, r2



ARM Macro Assembler    Page 3 


   93 00000082 EBA0 0101       sub              r1, r0, r1
   94 00000086 9100            str              r1, [sp, #unit] ;store unit dig
                                                            it on stack
   95 00000088 4618            mov              r0, r3
   96 0000008A         
   97 0000008A         
   98 0000008A 9800            ldr              r0, [sp]
   99 0000008C F100 0030       add              r0, r0, #0x30
  100 00000090 F7FF FFFE       bl               ST7735_OutChar ;outputs an ASCI
                                                            I character
  101 00000094 B001            add              sp, sp, #4
  102 00000096 F04F 002E       mov              r0, #0x2e
  103 0000009A F7FF FFFE       bl               ST7735_OutChar
  104 0000009E 9800            ldr              r0, [sp]
  105 000000A0 F100 0030       add              r0, r0, #0x30
  106 000000A4 F7FF FFFE       bl               ST7735_OutChar
  107 000000A8 B001            add              sp, sp, #4
  108 000000AA 9800            ldr              r0, [sp]
  109 000000AC F100 0030       add              r0, r0, #0x30
  110 000000B0 F7FF FFFE       bl               ST7735_OutChar
  111 000000B4 B001            add              sp, sp, #4
  112 000000B6 9800            ldr              r0, [sp]
  113 000000B8 F100 0030       add              r0, r0, #0x30
  114 000000BC F7FF FFFE       bl               ST7735_OutChar
  115 000000C0 B001            add              sp, sp, #4
  116 000000C2 E013            b                exit
  117 000000C4         
  118 000000C4         stars                                ;outputs *.*** if g
                                                            reater than 9999
  119 000000C4 F04F 002A       mov              r0, #0x2a
  120 000000C8 F7FF FFFE       bl               ST7735_OutChar
  121 000000CC F04F 002E       mov              r0, #0x2e
  122 000000D0 F7FF FFFE       bl               ST7735_OutChar
  123 000000D4 F04F 002A       mov              r0, #0x2a
  124 000000D8 F7FF FFFE       bl               ST7735_OutChar
  125 000000DC F04F 002A       mov              r0, #0x2a
  126 000000E0 F7FF FFFE       bl               ST7735_OutChar
  127 000000E4 F04F 002A       mov              r0, #0x2a
  128 000000E8 F7FF FFFE       bl               ST7735_OutChar
  129 000000EC         
  130 000000EC         
  131 000000EC         exit
  132 000000EC BD10            pop{r4,          pc}
  133 000000EE 4770            BX               LR
  134 000000F0         
  135 000000F0                 ALIGN
  136 000000F0         ;* * * * * * * * End of LCD_OutFix * * * * * * * *
  137 000000F0         
  138 000000F0                 ALIGN                        ; make sure the end
                                                             of this section is
                                                             aligned
  139 000000F0                 END                          ; end of file
Command Line: --debug --xref --cpu=Cortex-M4 --apcs=interwork --depend=.\print.
d -o.\print.o -IC:\Keil\ARM\RV31\INC -IC:\Keil\ARM\CMSIS\Include -IC:\Keil\ARM\
Inc\Luminary --list=.\print.lst Print.s



ARM Macro Assembler    Page 1 Alphabetic symbol ordering
Relocatable symbols

.text 00000000

Symbol: .text
   Definitions
      At line 21 in file Print.s
   Uses
      None
Comment: .text unused
LCD_OutDec 00000000

Symbol: LCD_OutDec
   Definitions
      At line 31 in file Print.s
   Uses
      At line 18 in file Print.s
Comment: LCD_OutDec used once
LCD_OutFix 00000036

Symbol: LCD_OutFix
   Definitions
      At line 67 in file Print.s
   Uses
      At line 19 in file Print.s
Comment: LCD_OutFix used once
again 0000000A

Symbol: again
   Definitions
      At line 35 in file Print.s
   Uses
      At line 43 in file Print.s
Comment: again used once
exit 000000EC

Symbol: exit
   Definitions
      At line 131 in file Print.s
   Uses
      At line 116 in file Print.s
Comment: exit used once
more 00000022

Symbol: more
   Definitions
      At line 44 in file Print.s
   Uses
      At line 49 in file Print.s
Comment: more used once
stars 000000C4

Symbol: stars
   Definitions
      At line 118 in file Print.s
   Uses
      At line 71 in file Print.s
Comment: stars used once
7 symbols



ARM Macro Assembler    Page 1 Alphabetic symbol ordering
Absolute symbols

hundred 00000008

Symbol: hundred
   Definitions
      At line 13 in file Print.s
   Uses
      At line 84 in file Print.s
Comment: hundred used once
number 0000270F

Symbol: number
   Definitions
      At line 11 in file Print.s
   Uses
      At line 69 in file Print.s
Comment: number used once
ten 00000004

Symbol: ten
   Definitions
      At line 14 in file Print.s
   Uses
      At line 89 in file Print.s
Comment: ten used once
thousand 0000000C

Symbol: thousand
   Definitions
      At line 12 in file Print.s
   Uses
      At line 79 in file Print.s
Comment: thousand used once
unit 00000000

Symbol: unit
   Definitions
      At line 15 in file Print.s
   Uses
      At line 94 in file Print.s
Comment: unit used once
5 symbols



ARM Macro Assembler    Page 1 Alphabetic symbol ordering
External symbols

ST7735_OutChar 00000000

Symbol: ST7735_OutChar
   Definitions
      At line 16 in file Print.s
   Uses
      At line 47 in file Print.s
      At line 100 in file Print.s
      At line 103 in file Print.s
      At line 106 in file Print.s
      At line 110 in file Print.s
      At line 114 in file Print.s
      At line 120 in file Print.s
      At line 122 in file Print.s
      At line 124 in file Print.s
      At line 126 in file Print.s
      At line 128 in file Print.s

ST7735_OutString 00000000

Symbol: ST7735_OutString
   Definitions
      At line 17 in file Print.s
   Uses
      None
Comment: ST7735_OutString unused
2 symbols
344 symbols in table
